<?xml version="1.0" encoding="UTF-8"?>
<!-- Generated by org.testng.reporters.JUnitReportReporter -->
<testsuite hostname="ubuntu" name="parkingLot.com.parkingLot.AppTest" tests="7" failures="0" timestamp="26 Sep 2017 14:25:16 GMT" time="0.026" errors="0">
  <testcase name="test_slot_number_for_registration_number" time="0.000" classname="parkingLot.com.parkingLot.AppTest"/>
  <testcase name="test_registration_numbers_for_cars_with_colour" time="0.005" classname="parkingLot.com.parkingLot.AppTest"/>
  <testcase name="test_create_parking_lot_and_getMinimumSlot" time="0.017" classname="parkingLot.com.parkingLot.AppTest"/>
  <testcase name="test_leave" time="0.001" classname="parkingLot.com.parkingLot.AppTest"/>
  <testcase name="test_slot_numbers_for_cars_with_colour" time="0.001" classname="parkingLot.com.parkingLot.AppTest"/>
  <testcase name="test_allot_car" time="0.001" classname="parkingLot.com.parkingLot.AppTest"/>
  <testcase name="test_status" time="0.001" classname="parkingLot.com.parkingLot.AppTest"/>
</testsuite> <!-- parkingLot.com.parkingLot.AppTest -->
